Determining if the function alloca exists failed with the following output:
Change Dir: /home/vermouth/Desktop/opencv-2.4.6.1/build/CMakeFiles/CMakeTmp

Run Build Command:/usr/bin/make "cmTryCompileExec3666817005/fast"
/usr/bin/make -f CMakeFiles/cmTryCompileExec3666817005.dir/build.make CMakeFiles/cmTryCompileExec3666817005.dir/build
make[1]: Entering directory `/home/vermouth/Desktop/opencv-2.4.6.1/build/CMakeFiles/CMakeTmp'
/usr/bin/cmake -E cmake_progress_report /home/vermouth/Desktop/opencv-2.4.6.1/build/CMakeFiles/CMakeTmp/CMakeFiles 1
Building C object CMakeFiles/cmTryCompileExec3666817005.dir/CheckFunctionExists.c.o
/usr/bin/cc   -fsigned-char -W -Wall -Werror=return-type -Werror=address -Werror=sequence-point -Wformat -Werror=format-security -Wmissing-declarations -Wmissing-prototypes -Wstrict-prototypes -Wundef -Winit-self -Wpointer-arith -Wshadow -Wno-narrowing -fdiagnostics-show-option -pthread -march=i686 -fomit-frame-pointer -msse -msse2 -msse3 -mfpmath=sse -ffunction-sections  -DCHECK_FUNCTION_EXISTS=alloca -O3 -DNDEBUG   -o CMakeFiles/cmTryCompileExec3666817005.dir/CheckFunctionExists.c.o   -c /usr/share/cmake-2.8/Modules/CheckFunctionExists.c
/usr/share/cmake-2.8/Modules/CheckFunctionExists.c:3:1: warning: function declaration isn’t a prototype [-Wstrict-prototypes]
/usr/share/cmake-2.8/Modules/CheckFunctionExists.c:3:6: warning: conflicting types for built-in function ‘alloca’ [enabled by default]
Linking C executable cmTryCompileExec3666817005
/usr/bin/cmake -E cmake_link_script CMakeFiles/cmTryCompileExec3666817005.dir/link.txt --verbose=1
/usr/bin/cc      -fsigned-char -W -Wall -Werror=return-type -Werror=address -Werror=sequence-point -Wformat -Werror=format-security -Wmissing-declarations -Wmissing-prototypes -Wstrict-prototypes -Wundef -Winit-self -Wpointer-arith -Wshadow -Wno-narrowing -fdiagnostics-show-option -pthread -march=i686 -fomit-frame-pointer -msse -msse2 -msse3 -mfpmath=sse -ffunction-sections  -DCHECK_FUNCTION_EXISTS=alloca -O3 -DNDEBUG    CMakeFiles/cmTryCompileExec3666817005.dir/CheckFunctionExists.c.o  -o cmTryCompileExec3666817005 -rdynamic 
CMakeFiles/cmTryCompileExec3666817005.dir/CheckFunctionExists.c.o: In function `main':
CheckFunctionExists.c:(.text.startup.main+0x24): undefined reference to `alloca'
collect2: error: ld returned 1 exit status
make[1]: Leaving directory `/home/vermouth/Desktop/opencv-2.4.6.1/build/CMakeFiles/CMakeTmp'
make[1]: *** [cmTryCompileExec3666817005] Error 1
make: *** [cmTryCompileExec3666817005/fast] Error 2


Determining if the include file linux/videodev.h exists failed with the following output:
Change Dir: /home/vermouth/Desktop/opencv-2.4.6.1/build/CMakeFiles/CMakeTmp

Run Build Command:/usr/bin/make "cmTryCompileExec95504957/fast"
/usr/bin/make -f CMakeFiles/cmTryCompileExec95504957.dir/build.make CMakeFiles/cmTryCompileExec95504957.dir/build
make[1]: Entering directory `/home/vermouth/Desktop/opencv-2.4.6.1/build/CMakeFiles/CMakeTmp'
/usr/bin/cmake -E cmake_progress_report /home/vermouth/Desktop/opencv-2.4.6.1/build/CMakeFiles/CMakeTmp/CMakeFiles 1
Building C object CMakeFiles/cmTryCompileExec95504957.dir/CheckIncludeFile.c.o
/usr/bin/cc   -fsigned-char -W -Wall -Werror=return-type -Werror=address -Werror=sequence-point -Wformat -Werror=format-security -Wmissing-declarations -Wmissing-prototypes -Wstrict-prototypes -Wundef -Winit-self -Wpointer-arith -Wshadow -Wno-narrowing -fdiagnostics-show-option -pthread -march=i686 -fomit-frame-pointer -msse -msse2 -msse3 -mfpmath=sse -ffunction-sections   -O3 -DNDEBUG   -o CMakeFiles/cmTryCompileExec95504957.dir/CheckIncludeFile.c.o   -c /home/vermouth/Desktop/opencv-2.4.6.1/build/CMakeFiles/CMakeTmp/CheckIncludeFile.c
/home/vermouth/Desktop/opencv-2.4.6.1/build/CMakeFiles/CMakeTmp/CheckIncludeFile.c:1:28: fatal error: linux/videodev.h: No such file or directory
compilation terminated.
make[1]: *** [CMakeFiles/cmTryCompileExec95504957.dir/CheckIncludeFile.c.o] Error 1
make[1]: Leaving directory `/home/vermouth/Desktop/opencv-2.4.6.1/build/CMakeFiles/CMakeTmp'
make: *** [cmTryCompileExec95504957/fast] Error 2


Determining if the include file sys/videoio.h exists failed with the following output:
Change Dir: /home/vermouth/Desktop/opencv-2.4.6.1/build/CMakeFiles/CMakeTmp

Run Build Command:/usr/bin/make "cmTryCompileExec3643779120/fast"
/usr/bin/make -f CMakeFiles/cmTryCompileExec3643779120.dir/build.make CMakeFiles/cmTryCompileExec3643779120.dir/build
make[1]: Entering directory `/home/vermouth/Desktop/opencv-2.4.6.1/build/CMakeFiles/CMakeTmp'
/usr/bin/cmake -E cmake_progress_report /home/vermouth/Desktop/opencv-2.4.6.1/build/CMakeFiles/CMakeTmp/CMakeFiles 1
Building C object CMakeFiles/cmTryCompileExec3643779120.dir/CheckIncludeFile.c.o
/usr/bin/cc   -fsigned-char -W -Wall -Werror=return-type -Werror=address -Werror=sequence-point -Wformat -Werror=format-security -Wmissing-declarations -Wmissing-prototypes -Wstrict-prototypes -Wundef -Winit-self -Wpointer-arith -Wshadow -Wno-narrowing -fdiagnostics-show-option -pthread -march=i686 -fomit-frame-pointer -msse -msse2 -msse3 -mfpmath=sse -ffunction-sections   -O3 -DNDEBUG   -o CMakeFiles/cmTryCompileExec3643779120.dir/CheckIncludeFile.c.o   -c /home/vermouth/Desktop/opencv-2.4.6.1/build/CMakeFiles/CMakeTmp/CheckIncludeFile.c
/home/vermouth/Desktop/opencv-2.4.6.1/build/CMakeFiles/CMakeTmp/CheckIncludeFile.c:1:25: fatal error: sys/videoio.h: No such file or directory
compilation terminated.
make[1]: *** [CMakeFiles/cmTryCompileExec3643779120.dir/CheckIncludeFile.c.o] Error 1
make[1]: Leaving directory `/home/vermouth/Desktop/opencv-2.4.6.1/build/CMakeFiles/CMakeTmp'
make: *** [cmTryCompileExec3643779120/fast] Error 2


Determining if the include file ffmpeg/avformat.h exists failed with the following output:
Change Dir: /home/vermouth/Desktop/opencv-2.4.6.1/build/CMakeFiles/CMakeTmp

Run Build Command:/usr/bin/make "cmTryCompileExec1503327065/fast"
/usr/bin/make -f CMakeFiles/cmTryCompileExec1503327065.dir/build.make CMakeFiles/cmTryCompileExec1503327065.dir/build
make[1]: Entering directory `/home/vermouth/Desktop/opencv-2.4.6.1/build/CMakeFiles/CMakeTmp'
/usr/bin/cmake -E cmake_progress_report /home/vermouth/Desktop/opencv-2.4.6.1/build/CMakeFiles/CMakeTmp/CMakeFiles 1
Building C object CMakeFiles/cmTryCompileExec1503327065.dir/CheckIncludeFile.c.o
/usr/bin/cc   -fsigned-char -W -Wall -Werror=return-type -Werror=address -Werror=sequence-point -Wformat -Werror=format-security -Wmissing-declarations -Wmissing-prototypes -Wstrict-prototypes -Wundef -Winit-self -Wpointer-arith -Wshadow -Wno-narrowing -fdiagnostics-show-option -pthread -march=i686 -fomit-frame-pointer -msse -msse2 -msse3 -mfpmath=sse -ffunction-sections   -O3 -DNDEBUG   -o CMakeFiles/cmTryCompileExec1503327065.dir/CheckIncludeFile.c.o   -c /home/vermouth/Desktop/opencv-2.4.6.1/build/CMakeFiles/CMakeTmp/CheckIncludeFile.c
/home/vermouth/Desktop/opencv-2.4.6.1/build/CMakeFiles/CMakeTmp/CheckIncludeFile.c:1:29: fatal error: ffmpeg/avformat.h: No such file or directory
compilation terminated.
make[1]: *** [CMakeFiles/cmTryCompileExec1503327065.dir/CheckIncludeFile.c.o] Error 1
make[1]: Leaving directory `/home/vermouth/Desktop/opencv-2.4.6.1/build/CMakeFiles/CMakeTmp'
make: *** [cmTryCompileExec1503327065/fast] Error 2


